2019-03-14 === [main] === INFO  === c.m.springboot.SpringBoot03LoggingApplicationTests ==== Starting SpringBoot03LoggingApplicationTests on mzYandeMacBook-Pro.local with PID 1237 (started by macbook in /Users/macbook/Desktop/SpringBoot/spring-boot-03-logging)
2019-03-14 === [main] === DEBUG === c.m.springboot.SpringBoot03LoggingApplicationTests ==== Running with Spring Boot v2.1.3.RELEASE, Spring v5.1.5.RELEASE
2019-03-14 === [main] === INFO  === c.m.springboot.SpringBoot03LoggingApplicationTests ==== No active profile set, falling back to default profiles: default
2019-03-14 === [main] === INFO  === o.s.scheduling.concurrent.ThreadPoolTaskExecutor ==== Initializing ExecutorService 'applicationTaskExecutor'
2019-03-14 === [main] === INFO  === c.m.springboot.SpringBoot03LoggingApplicationTests ==== Started SpringBoot03LoggingApplicationTests in 2.946 seconds (JVM running for 4.096)
2019-03-14 === [main] === TRACE === c.m.springboot.SpringBoot03LoggingApplicationTests ==== 这是trace日志...
2019-03-14 === [main] === DEBUG === c.m.springboot.SpringBoot03LoggingApplicationTests ==== 这是debug日志...
2019-03-14 === [main] === INFO  === c.m.springboot.SpringBoot03LoggingApplicationTests ==== 这是info日志...
2019-03-14 === [main] === WARN  === c.m.springboot.SpringBoot03LoggingApplicationTests ==== 这是warn日志...
2019-03-14 === [main] === ERROR === c.m.springboot.SpringBoot03LoggingApplicationTests ==== 这是error日志...
2019-03-14 === [Thread-2] === INFO  === o.s.scheduling.concurrent.ThreadPoolTaskExecutor ==== Shutting down ExecutorService 'applicationTaskExecutor'
2019-03-14 === [main] === INFO  === com.mzyan.springboot.SpringBoot03LoggingApplicationTests ==== Starting SpringBoot03LoggingApplicationTests on mzYandeMacBook-Pro.local with PID 1485 (started by macbook in /Users/macbook/Desktop/SpringBoot/spring-boot-03-logging)
2019-03-14 === [main] === DEBUG === com.mzyan.springboot.SpringBoot03LoggingApplicationTests ==== Running with Spring Boot v2.1.3.RELEASE, Spring v5.1.5.RELEASE
2019-03-14 === [main] === INFO  === com.mzyan.springboot.SpringBoot03LoggingApplicationTests ==== No active profile set, falling back to default profiles: default
2019-03-14 === [main] === INFO  === org.springframework.scheduling.concurrent.ThreadPoolTaskExecutor ==== Initializing ExecutorService 'applicationTaskExecutor'
2019-03-14 === [main] === INFO  === com.mzyan.springboot.SpringBoot03LoggingApplicationTests ==== Started SpringBoot03LoggingApplicationTests in 2.68 seconds (JVM running for 4.223)
2019-03-14 === [main] === TRACE === com.mzyan.springboot.SpringBoot03LoggingApplicationTests ==== 这是trace日志...
2019-03-14 === [main] === DEBUG === com.mzyan.springboot.SpringBoot03LoggingApplicationTests ==== 这是debug日志...
2019-03-14 === [main] === INFO  === com.mzyan.springboot.SpringBoot03LoggingApplicationTests ==== 这是info日志...
2019-03-14 === [main] === WARN  === com.mzyan.springboot.SpringBoot03LoggingApplicationTests ==== 这是warn日志...
2019-03-14 === [main] === ERROR === com.mzyan.springboot.SpringBoot03LoggingApplicationTests ==== 这是error日志...
2019-03-14 === [Thread-2] === INFO  === org.springframework.scheduling.concurrent.ThreadPoolTaskExecutor ==== Shutting down ExecutorService 'applicationTaskExecutor'
2019-03-14 === [main] === INFO  === com.mzyan.springboot.SpringBoot03LoggingApplication ==== Starting SpringBoot03LoggingApplication on mzYandeMacBook-Pro.local with PID 1492 (/Users/macbook/Desktop/SpringBoot/spring-boot-03-logging/target/classes started by macbook in /Users/macbook/Desktop/SpringBoot/spring-boot-03-logging)
2019-03-14 === [main] === DEBUG === com.mzyan.springboot.SpringBoot03LoggingApplication ==== Running with Spring Boot v2.1.3.RELEASE, Spring v5.1.5.RELEASE
2019-03-14 === [main] === INFO  === com.mzyan.springboot.SpringBoot03LoggingApplication ==== No active profile set, falling back to default profiles: default
2019-03-14 === [main] === INFO  === org.springframework.boot.web.embedded.tomcat.TomcatWebServer ==== Tomcat initialized with port(s): 8080 (http)
2019-03-14 === [main] === INFO  === org.apache.catalina.core.StandardService ==== Starting service [Tomcat]
2019-03-14 === [main] === INFO  === org.apache.catalina.core.StandardEngine ==== Starting Servlet engine: [Apache Tomcat/9.0.16]
2019-03-14 === [main] === INFO  === org.apache.catalina.core.AprLifecycleListener ==== The APR based Apache Tomcat Native library which allows optimal performance in production environments was not found on the java.library.path: [/Users/macbook/Library/Java/Extensions:/Library/Java/Extensions:/Network/Library/Java/Extensions:/System/Library/Java/Extensions:/usr/lib/java:.]
2019-03-14 === [main] === INFO  === org.apache.catalina.core.ContainerBase.[Tomcat].[localhost].[/] ==== Initializing Spring embedded WebApplicationContext
2019-03-14 === [main] === INFO  === org.springframework.web.context.ContextLoader ==== Root WebApplicationContext: initialization completed in 896 ms
2019-03-14 === [main] === INFO  === org.springframework.scheduling.concurrent.ThreadPoolTaskExecutor ==== Initializing ExecutorService 'applicationTaskExecutor'
2019-03-14 === [main] === INFO  === org.springframework.boot.web.embedded.tomcat.TomcatWebServer ==== Tomcat started on port(s): 8080 (http) with context path ''
2019-03-14 === [main] === INFO  === com.mzyan.springboot.SpringBoot03LoggingApplication ==== Started SpringBoot03LoggingApplication in 1.898 seconds (JVM running for 2.798)
2019-03-14 === [Thread-7] === INFO  === org.springframework.scheduling.concurrent.ThreadPoolTaskExecutor ==== Shutting down ExecutorService 'applicationTaskExecutor'
